15:59:43.524 [main] DEBUG persistence.storage.UserStorageImpl - persist(user=null)
15:59:43.538 [main] DEBUG persistence.storage.UserStorageImpl - persist(user=domain.user.User@26275bef)
15:59:43.542 [main] DEBUG persistence.storage.UserStorageImpl - findByUserName(userName=null)
15:59:43.545 [main] DEBUG persistence.storage.UserStorageImpl - persist(user=domain.user.User@61386958)
15:59:43.549 [main] DEBUG persistence.storage.UserStorageImpl - load(userId=null)
15:59:43.561 [main] DEBUG persistence.storage.OrderStorageImpl - persist(Order(id=null, userId=1, status=INITIAL, items=[], date=2021-09-24))
15:59:43.573 [main] DEBUG persistence.storage.OrderStorageImpl - persist(null)
15:59:43.576 [main] DEBUG persistence.storage.OrderStorageImpl - load(orderId=null)
15:59:44.006 [main] DEBUG persistence.service.UserServiceImpl - createUser(domain.user.User@2cd2c8fe)
15:59:44.008 [main] DEBUG persistence.service.UserServiceImpl - user is invalid
15:59:44.013 [main] DEBUG persistence.service.UserServiceImpl - createUser(domain.user.User@620aa4ea)
15:59:44.013 [main] DEBUG persistence.service.UserServiceImpl - user is valid
15:59:44.014 [main] DEBUG persistence.service.UserServiceImpl - username is available
15:59:44.014 [main] DEBUG persistence.service.UserServiceImpl - set user status to active
15:59:44.014 [main] DEBUG persistence.service.UserServiceImpl - user id is null
15:59:44.020 [main] DEBUG persistence.storage.OrderItemStorageImpl - persist(orderItem=domain.order.OrderItem@7adbd080)
15:59:44.022 [main] DEBUG persistence.storage.OrderItemStorageImpl - persist(orderItem=null)
15:59:44.025 [main] DEBUG persistence.storage.OrderItemStorageImpl - load(orderItemID=null)
15:59:44.070 [main] DEBUG persistence.service.UserServiceImpl - findById(id=c9674bc8-e8a9-437f-893b-3beeb78671cd)
15:59:44.071 [main] DEBUG persistence.service.OrderServiceImpl - placeOrder(userId=c9674bc8-e8a9-437f-893b-3beeb78671cd)
15:59:44.071 [main] DEBUG persistence.service.UserServiceImpl - findById(id=c9674bc8-e8a9-437f-893b-3beeb78671cd)
15:59:44.076 [main] DEBUG persistence.service.OrderServiceImpl - placeOrder(Mock for OrderStorageImpl, hashCode: 492252770, Mock for OrderValidator, hashCode: 1187972599, persistence.service.UserServiceImpl@5851bd4f)
15:59:44.077 [main] DEBUG persistence.service.OrderServiceImpl - order is valid
15:59:44.077 [main] DEBUG persistence.service.OrderServiceImpl - set order status to accepted
15:59:44.078 [main] DEBUG persistence.service.OrderServiceImpl - set user id to 84500fdf-52ab-4b13-a2b7-33fc74ac8eb2
15:59:44.091 [main] DEBUG persistence.service.OrderServiceImpl - placeOrder(userId=e03c8def-0a41-4712-b98e-8d421ed6e569)
15:59:44.091 [main] DEBUG persistence.service.UserServiceImpl - findById(id=e03c8def-0a41-4712-b98e-8d421ed6e569)
15:59:44.092 [main] DEBUG persistence.service.OrderServiceImpl - user: domain.user.User@3ad394e6
15:59:44.096 [main] DEBUG persistence.service.OrderServiceImpl - placeOrder(Mock for OrderStorageImpl, hashCode: 1121891386, Mock for OrderValidator, hashCode: 501951555, persistence.service.UserServiceImpl@3bb9efbc)
15:59:44.097 [main] ERROR persistence.service.OrderServiceImpl - order is invalid
16:07:54.003 [main] DEBUG persistence.storage.UserStorageImpl - persist(user=null)
16:07:54.020 [main] DEBUG persistence.storage.UserStorageImpl - persist(user=domain.user.User@5fd4f8f5)
16:07:54.025 [main] DEBUG persistence.storage.UserStorageImpl - findByUserName(userName=null)
16:07:54.029 [main] DEBUG persistence.storage.UserStorageImpl - persist(user=domain.user.User@2f8dad04)
16:07:54.032 [main] DEBUG persistence.storage.UserStorageImpl - load(userId=null)
16:07:54.044 [main] DEBUG persistence.storage.OrderStorageImpl - persist(Order(id=null, userId=1, status=INITIAL, items=[], date=2021-09-24))
16:07:54.054 [main] DEBUG persistence.storage.OrderStorageImpl - persist(null)
16:07:54.058 [main] DEBUG persistence.storage.OrderStorageImpl - load(orderId=null)
16:07:54.551 [main] DEBUG persistence.service.UserServiceImpl - createUser(domain.user.User@1051817b)
16:07:54.553 [main] DEBUG persistence.service.UserServiceImpl - user is invalid
16:07:54.558 [main] DEBUG persistence.service.UserServiceImpl - createUser(domain.user.User@287f94b1)
16:07:54.558 [main] DEBUG persistence.service.UserServiceImpl - user is valid
16:07:54.559 [main] DEBUG persistence.service.UserServiceImpl - username is busy
16:07:54.562 [main] DEBUG persistence.storage.OrderItemStorageImpl - persist(orderItem=domain.order.OrderItem@30b34287)
16:07:54.566 [main] DEBUG persistence.storage.OrderItemStorageImpl - persist(orderItem=null)
16:07:54.570 [main] DEBUG persistence.storage.OrderItemStorageImpl - load(orderItemID=null)
16:07:54.632 [main] DEBUG persistence.service.UserServiceImpl - findById(id=e6a512e0-40c5-46bb-8fe8-6c7d0938a3d3)
16:07:54.634 [main] DEBUG persistence.service.OrderServiceImpl - placeOrder(userId=e6a512e0-40c5-46bb-8fe8-6c7d0938a3d3)
16:07:54.635 [main] DEBUG persistence.service.UserServiceImpl - findById(id=e6a512e0-40c5-46bb-8fe8-6c7d0938a3d3)
16:07:54.639 [main] DEBUG persistence.service.OrderServiceImpl - placeOrder(Mock for OrderStorageImpl, hashCode: 52487168, Mock for OrderValidator, hashCode: 486348917, persistence.service.UserServiceImpl@28c0b664)
16:07:54.641 [main] DEBUG persistence.service.OrderServiceImpl - order is valid
16:07:54.641 [main] DEBUG persistence.service.OrderServiceImpl - set order status to accepted
16:07:54.642 [main] DEBUG persistence.service.OrderServiceImpl - set user id to 23df1972-abee-46ad-be67-f1c7e5bb961b
16:07:54.656 [main] DEBUG persistence.service.OrderServiceImpl - placeOrder(userId=c8ca0524-7203-48c0-a07a-c8d7d0c870e7)
16:07:54.656 [main] DEBUG persistence.service.UserServiceImpl - findById(id=c8ca0524-7203-48c0-a07a-c8d7d0c870e7)
16:07:54.656 [main] DEBUG persistence.service.OrderServiceImpl - user: domain.user.User@7692cd34
16:07:54.660 [main] DEBUG persistence.service.OrderServiceImpl - placeOrder(Mock for OrderStorageImpl, hashCode: 851480926, Mock for OrderValidator, hashCode: 275754769, persistence.service.UserServiceImpl@70f43b45)
16:07:54.661 [main] ERROR persistence.service.OrderServiceImpl - order is invalid
16:38:05.433 [main] DEBUG persistence.storage.UserStorageImpl - persist(user=null)
16:38:05.443 [main] DEBUG persistence.storage.UserStorageImpl - persist(user=domain.user.User@6d3a388c)
16:38:05.446 [main] DEBUG persistence.storage.UserStorageImpl - findByUserName(userName=null)
16:38:05.449 [main] DEBUG persistence.storage.UserStorageImpl - persist(user=domain.user.User@932bc4a)
16:38:05.452 [main] DEBUG persistence.storage.UserStorageImpl - load(userId=null)
16:38:05.463 [main] DEBUG persistence.storage.OrderStorageImpl - persist(null)
16:38:05.465 [main] DEBUG persistence.storage.OrderStorageImpl - persist(Order(id=null, userId=1, status=INITIAL, items=[], date=2021-09-24))
16:38:05.475 [main] DEBUG persistence.storage.OrderStorageImpl - load(orderId=null)
16:38:05.918 [main] DEBUG persistence.service.UserServiceImpl - createUser(domain.user.User@62f87c44)
16:38:05.920 [main] DEBUG persistence.service.UserServiceImpl - user is invalid
16:38:05.923 [main] DEBUG persistence.service.UserServiceImpl - createUser(domain.user.User@5a4bef8)
16:38:05.924 [main] DEBUG persistence.service.UserServiceImpl - user is valid
16:38:05.924 [main] DEBUG persistence.service.UserServiceImpl - username is busy
16:38:05.927 [main] DEBUG persistence.storage.OrderItemStorageImpl - persist(orderItem=null)
16:38:05.930 [main] DEBUG persistence.storage.OrderItemStorageImpl - persist(orderItem=domain.order.OrderItem@62da83ed)
16:38:05.932 [main] DEBUG persistence.storage.OrderItemStorageImpl - load(orderItemID=null)
16:38:05.980 [main] DEBUG persistence.service.UserServiceImpl - findById(id=13e78e8b-19d3-4f71-ba08-3bbd3e51be04)
16:38:05.982 [main] DEBUG persistence.service.OrderServiceImpl - placeOrder(userId=13e78e8b-19d3-4f71-ba08-3bbd3e51be04)
16:38:05.982 [main] DEBUG persistence.service.UserServiceImpl - findById(id=13e78e8b-19d3-4f71-ba08-3bbd3e51be04)
16:38:05.986 [main] DEBUG persistence.service.OrderServiceImpl - placeOrder(Mock for OrderStorageImpl, hashCode: 866273692, Mock for OrderValidator, hashCode: 3392189, persistence.service.UserServiceImpl@1dfd5f51)
16:38:05.987 [main] DEBUG persistence.service.OrderServiceImpl - order is valid
16:38:05.987 [main] DEBUG persistence.service.OrderServiceImpl - set order status to accepted
16:38:05.987 [main] DEBUG persistence.service.OrderServiceImpl - set user id to 5f17123e-1bf4-4faa-ab99-3ed11f8e7de8
16:38:05.994 [main] DEBUG persistence.service.OrderServiceImpl - placeOrder(userId=75b605ef-83b9-48ca-a26b-50ca1038c842)
16:38:05.994 [main] DEBUG persistence.service.UserServiceImpl - findById(id=75b605ef-83b9-48ca-a26b-50ca1038c842)
16:38:05.994 [main] DEBUG persistence.service.OrderServiceImpl - user: domain.user.User@1968a49c
16:38:05.998 [main] DEBUG persistence.service.OrderServiceImpl - placeOrder(Mock for OrderStorageImpl, hashCode: 428245792, Mock for OrderValidator, hashCode: 1353759820, persistence.service.UserServiceImpl@c20be82)
16:38:05.999 [main] ERROR persistence.service.OrderServiceImpl - order is invalid
16:55:35.396 [main] DEBUG persistence.storage.UserStorageImpl - persist(user=null)
16:55:35.408 [main] DEBUG persistence.storage.UserStorageImpl - persist(user=domain.user.User@2accdbb5)
16:55:35.413 [main] DEBUG persistence.storage.UserStorageImpl - findByUserName(userName=null)
16:55:35.417 [main] DEBUG persistence.storage.UserStorageImpl - persist(user=domain.user.User@27ff5d15)
16:55:35.422 [main] DEBUG persistence.storage.UserStorageImpl - load(userId=null)
16:55:35.437 [main] DEBUG persistence.storage.OrderStorageImpl - persist(null)
16:55:35.440 [main] DEBUG persistence.storage.OrderStorageImpl - persist(Order(id=null, userId=1, status=INITIAL, items=[domain.order.OrderItem@223aa2f7], date=2021-09-24))
16:55:35.452 [main] DEBUG persistence.storage.OrderStorageImpl - load(orderId=null)
16:55:35.902 [main] DEBUG persistence.service.UserServiceImpl - createUser(domain.user.User@10027fc9)
16:55:35.904 [main] DEBUG persistence.service.UserServiceImpl - user is invalid
16:55:35.908 [main] DEBUG persistence.service.UserServiceImpl - createUser(domain.user.User@ecf9049)
16:55:35.909 [main] DEBUG persistence.service.UserServiceImpl - user is valid
16:55:35.909 [main] DEBUG persistence.service.UserServiceImpl - username is busy
16:55:35.912 [main] DEBUG persistence.storage.OrderItemStorageImpl - persist(orderItem=null)
16:55:35.914 [main] DEBUG persistence.storage.OrderItemStorageImpl - persist(orderItem=domain.order.OrderItem@72efb5c1)
16:55:35.916 [main] DEBUG persistence.storage.OrderItemStorageImpl - load(orderItemID=null)
16:55:35.959 [main] DEBUG persistence.service.UserServiceImpl - findById(id=7ab72541-d7e7-442e-a0cb-e431b27d75de)
16:55:35.960 [main] DEBUG persistence.service.OrderServiceImpl - placeOrder(userId=7ab72541-d7e7-442e-a0cb-e431b27d75de)
16:55:35.960 [main] DEBUG persistence.service.UserServiceImpl - findById(id=7ab72541-d7e7-442e-a0cb-e431b27d75de)
16:55:35.963 [main] DEBUG persistence.service.OrderServiceImpl - placeOrder(Mock for OrderStorageImpl, hashCode: 1372137902, Mock for OrderValidator, hashCode: 701681793, persistence.service.UserServiceImpl@40e4ea87)
16:55:35.964 [main] DEBUG persistence.service.OrderServiceImpl - order is valid
16:55:35.964 [main] DEBUG persistence.service.OrderServiceImpl - set order status to accepted
16:55:35.964 [main] DEBUG persistence.service.OrderServiceImpl - set user id to e3712b39-213d-4903-a9e6-4b8290b5e5d0
16:55:35.971 [main] DEBUG persistence.service.OrderServiceImpl - placeOrder(userId=1dc5f45f-d951-4964-bb19-68364e4576e3)
16:55:35.971 [main] DEBUG persistence.service.UserServiceImpl - findById(id=1dc5f45f-d951-4964-bb19-68364e4576e3)
16:55:35.971 [main] DEBUG persistence.service.OrderServiceImpl - user: domain.user.User@3301500b
16:55:35.974 [main] DEBUG persistence.service.OrderServiceImpl - placeOrder(Mock for OrderStorageImpl, hashCode: 366916060, Mock for OrderValidator, hashCode: 1855734078, persistence.service.UserServiceImpl@57a4d5ee)
16:55:35.975 [main] ERROR persistence.service.OrderServiceImpl - order is invalid
16:56:36.047 [main] DEBUG persistence.storage.UserStorageImpl - persist(user=null)
16:56:36.061 [main] DEBUG persistence.storage.UserStorageImpl - persist(user=domain.user.User@1cbb87f3)
16:56:36.065 [main] DEBUG persistence.storage.UserStorageImpl - findByUserName(userName=null)
16:56:36.070 [main] DEBUG persistence.storage.UserStorageImpl - persist(user=domain.user.User@22e357dc)
16:56:36.075 [main] DEBUG persistence.storage.UserStorageImpl - load(userId=null)
16:56:36.092 [main] DEBUG persistence.storage.OrderStorageImpl - persist(null)
16:56:36.097 [main] DEBUG persistence.storage.OrderStorageImpl - persist(Order(id=null, userId=1, status=INITIAL, items=[domain.order.OrderItem@446293d], date=2021-09-24))
16:56:36.110 [main] DEBUG persistence.storage.OrderStorageImpl - load(orderId=null)
16:56:36.630 [main] DEBUG persistence.service.UserServiceImpl - createUser(domain.user.User@2f3c6ac4)
16:56:36.633 [main] DEBUG persistence.service.UserServiceImpl - user is invalid
16:56:36.638 [main] DEBUG persistence.service.UserServiceImpl - createUser(domain.user.User@13579834)
16:56:36.639 [main] DEBUG persistence.service.UserServiceImpl - user is valid
16:56:36.640 [main] DEBUG persistence.service.UserServiceImpl - username is busy
16:56:36.643 [main] DEBUG persistence.storage.OrderItemStorageImpl - persist(orderItem=null)
16:56:36.646 [main] DEBUG persistence.storage.OrderItemStorageImpl - persist(orderItem=domain.order.OrderItem@2555fff0)
16:56:36.650 [main] DEBUG persistence.storage.OrderItemStorageImpl - load(orderItemID=null)
16:56:36.702 [main] DEBUG persistence.service.UserServiceImpl - findById(id=533af648-0a05-4002-a4b0-047449c0a9e3)
16:56:36.703 [main] DEBUG persistence.service.OrderServiceImpl - placeOrder(userId=533af648-0a05-4002-a4b0-047449c0a9e3)
16:56:36.703 [main] DEBUG persistence.service.UserServiceImpl - findById(id=533af648-0a05-4002-a4b0-047449c0a9e3)
16:56:36.707 [main] DEBUG persistence.service.OrderServiceImpl - placeOrder(Mock for OrderStorageImpl, hashCode: 1197176722, Mock for OrderValidator, hashCode: 369901249, persistence.service.UserServiceImpl@182b435b)
16:56:36.709 [main] DEBUG persistence.service.OrderServiceImpl - order is valid
16:56:36.709 [main] DEBUG persistence.service.OrderServiceImpl - set order status to accepted
16:56:36.709 [main] DEBUG persistence.service.OrderServiceImpl - set user id to 86bc89f5-719b-47c4-b3a3-b8819cc60282
16:56:36.717 [main] DEBUG persistence.service.OrderServiceImpl - placeOrder(userId=93228fa5-0ba5-4d20-9f66-a0d3d13d4908)
16:56:36.718 [main] DEBUG persistence.service.UserServiceImpl - findById(id=93228fa5-0ba5-4d20-9f66-a0d3d13d4908)
16:56:36.718 [main] DEBUG persistence.service.OrderServiceImpl - user: domain.user.User@33aa93c
16:56:36.722 [main] DEBUG persistence.service.OrderServiceImpl - placeOrder(Mock for OrderStorageImpl, hashCode: 275754769, Mock for OrderValidator, hashCode: 1895054149, persistence.service.UserServiceImpl@26d10f2e)
16:56:36.723 [main] ERROR persistence.service.OrderServiceImpl - order is invalid
16:57:02.159 [main] DEBUG persistence.storage.UserStorageImpl - persist(user=null)
16:57:02.169 [main] DEBUG persistence.storage.UserStorageImpl - persist(user=domain.user.User@693fe6c9)
16:57:02.173 [main] DEBUG persistence.storage.UserStorageImpl - findByUserName(userName=null)
16:57:02.178 [main] DEBUG persistence.storage.UserStorageImpl - persist(user=domain.user.User@1a4013)
16:57:02.182 [main] DEBUG persistence.storage.UserStorageImpl - load(userId=null)
16:57:02.198 [main] DEBUG persistence.storage.OrderStorageImpl - persist(null)
16:57:02.202 [main] DEBUG persistence.storage.OrderStorageImpl - persist(Order(id=null, userId=1, status=INITIAL, items=[domain.order.OrderItem@2fd1433e], date=2021-09-24))
16:57:02.214 [main] DEBUG persistence.storage.OrderStorageImpl - load(orderId=null)
16:57:02.644 [main] DEBUG persistence.service.UserServiceImpl - createUser(domain.user.User@51768776)
16:57:02.646 [main] DEBUG persistence.service.UserServiceImpl - user is invalid
16:57:02.650 [main] DEBUG persistence.service.UserServiceImpl - createUser(domain.user.User@4fbdc0f0)
16:57:02.650 [main] DEBUG persistence.service.UserServiceImpl - user is valid
16:57:02.650 [main] DEBUG persistence.service.UserServiceImpl - username is busy
16:57:02.653 [main] DEBUG persistence.storage.OrderItemStorageImpl - persist(orderItem=null)
16:57:02.656 [main] DEBUG persistence.storage.OrderItemStorageImpl - persist(orderItem=domain.order.OrderItem@13579834)
16:57:02.658 [main] DEBUG persistence.storage.OrderItemStorageImpl - load(orderItemID=null)
16:57:02.694 [main] DEBUG persistence.service.UserServiceImpl - findById(id=eec7b09a-392a-45a7-a0b6-60b1cc06fd08)
16:57:02.695 [main] DEBUG persistence.service.OrderServiceImpl - placeOrder(userId=eec7b09a-392a-45a7-a0b6-60b1cc06fd08)
16:57:02.695 [main] DEBUG persistence.service.UserServiceImpl - findById(id=eec7b09a-392a-45a7-a0b6-60b1cc06fd08)
16:57:02.699 [main] DEBUG persistence.service.OrderServiceImpl - placeOrder(Mock for OrderStorageImpl, hashCode: 2078239671, Mock for OrderValidator, hashCode: 143486875, persistence.service.UserServiceImpl@47d93e0d)
16:57:02.699 [main] DEBUG persistence.service.OrderServiceImpl - order is valid
16:57:02.700 [main] DEBUG persistence.service.OrderServiceImpl - set order status to accepted
16:57:02.700 [main] DEBUG persistence.service.OrderServiceImpl - set user id to b8086fe5-9461-4936-bb47-e37bfef67afb
16:57:02.708 [main] DEBUG persistence.service.OrderServiceImpl - placeOrder(userId=b34f91e2-1aae-400e-b390-95446b7c2ce8)
16:57:02.708 [main] DEBUG persistence.service.UserServiceImpl - findById(id=b34f91e2-1aae-400e-b390-95446b7c2ce8)
16:57:02.708 [main] DEBUG persistence.service.OrderServiceImpl - user: domain.user.User@47a64f7d
16:57:02.712 [main] DEBUG persistence.service.OrderServiceImpl - placeOrder(Mock for OrderStorageImpl, hashCode: 664839586, Mock for OrderValidator, hashCode: 1989332276, persistence.service.UserServiceImpl@33aa93c)
16:57:02.713 [main] ERROR persistence.service.OrderServiceImpl - order is invalid
16:58:20.674 [main] DEBUG persistence.storage.UserStorageImpl - persist(user=null)
16:58:20.696 [main] DEBUG persistence.storage.UserStorageImpl - persist(user=domain.user.User@5ba3f27a)
16:58:20.702 [main] DEBUG persistence.storage.UserStorageImpl - findByUserName(userName=null)
16:58:20.709 [main] DEBUG persistence.storage.UserStorageImpl - persist(user=domain.user.User@52af26ee)
16:58:20.715 [main] DEBUG persistence.storage.UserStorageImpl - load(userId=null)
16:58:20.740 [main] DEBUG persistence.storage.OrderStorageImpl - persist(null)
16:58:20.745 [main] DEBUG persistence.storage.OrderStorageImpl - persist(Order(id=null, userId=1, status=INITIAL, items=[domain.order.OrderItem@6e0f5f7f], date=2021-09-24))
16:58:20.761 [main] DEBUG persistence.storage.OrderStorageImpl - load(orderId=null)
16:58:21.629 [main] DEBUG persistence.service.UserServiceImpl - createUser(domain.user.User@66d23e4a)
16:58:21.634 [main] DEBUG persistence.service.UserServiceImpl - user is invalid
16:58:21.640 [main] DEBUG persistence.service.UserServiceImpl - createUser(domain.user.User@1804f60d)
16:58:21.641 [main] DEBUG persistence.service.UserServiceImpl - user is valid
16:58:21.642 [main] DEBUG persistence.service.UserServiceImpl - username is busy
16:58:21.646 [main] DEBUG persistence.storage.OrderItemStorageImpl - persist(orderItem=null)
16:58:21.650 [main] DEBUG persistence.storage.OrderItemStorageImpl - persist(orderItem=domain.order.OrderItem@238b521e)
16:58:21.654 [main] DEBUG persistence.storage.OrderItemStorageImpl - load(orderItemID=null)
16:58:21.726 [main] DEBUG persistence.service.UserServiceImpl - findById(id=6e244f11-a6a2-4fc9-a8cb-bd0a14968468)
16:58:21.727 [main] DEBUG persistence.service.OrderServiceImpl - placeOrder(userId=6e244f11-a6a2-4fc9-a8cb-bd0a14968468)
16:58:21.728 [main] DEBUG persistence.service.UserServiceImpl - findById(id=6e244f11-a6a2-4fc9-a8cb-bd0a14968468)
16:58:21.733 [main] DEBUG persistence.service.OrderServiceImpl - placeOrder(Mock for OrderStorageImpl, hashCode: 1902455960, Mock for OrderValidator, hashCode: 1622694817, persistence.service.UserServiceImpl@492fc69e)
16:58:21.735 [main] DEBUG persistence.service.OrderServiceImpl - order is valid
16:58:21.736 [main] DEBUG persistence.service.OrderServiceImpl - set order status to accepted
16:58:21.736 [main] DEBUG persistence.service.OrderServiceImpl - set user id to 915209aa-fc50-4ba8-894c-6574f369675a
16:58:21.752 [main] DEBUG persistence.service.OrderServiceImpl - placeOrder(userId=3ec3ab48-6689-483a-b5fc-f8633231125d)
16:58:21.752 [main] DEBUG persistence.service.UserServiceImpl - findById(id=3ec3ab48-6689-483a-b5fc-f8633231125d)
16:58:21.753 [main] DEBUG persistence.service.OrderServiceImpl - user: domain.user.User@273c947f
16:58:21.757 [main] DEBUG persistence.service.OrderServiceImpl - placeOrder(Mock for OrderStorageImpl, hashCode: 452015229, Mock for OrderValidator, hashCode: 1663738275, persistence.service.UserServiceImpl@20765ed5)
16:58:21.758 [main] ERROR persistence.service.OrderServiceImpl - order is invalid
